<?xml version="1.0" encoding="UTF-8"?>
<!-- Generated by org.testng.reporters.JUnitReportReporter -->
<testsuite skipped="0" hostname="LAPTOP-V8B65SR9" name="test.jsonSchemaValidator" tests="1" failures="0" timestamp="2021-12-23T00:46:23 IST" time="1.905" errors="0">
  <testcase name="testGET" time="1.905" classname="test.jsonSchemaValidator"/>
  <system-out/>
</testsuite> <!-- test.jsonSchemaValidator -->
