<?xml version="1.0" encoding="UTF-8"?>
<!-- Generated by org.testng.reporters.JUnitReportReporter -->
<testsuite skipped="0" hostname="LAPTOP-V8B65SR9" name="test.TestExamples" tests="2" failures="0" timestamp="2021-12-22T01:18:06 IST" time="2.393" errors="0">
  <testcase name="Test_01" time="1.666" classname="test.TestExamples"/>
  <system-out/>
  <testcase name="Test_02" time="0.727" classname="test.TestExamples"/>
  <system-out/>
</testsuite> <!-- test.TestExamples -->
