<?xml version="1.0" encoding="UTF-8"?>
<!-- Generated by org.testng.reporters.JUnitReportReporter -->
<testsuite skipped="0" hostname="LAPTOP-V8B65SR9" name="test.putPatchDeleteExamples" tests="3" failures="0" timestamp="2021-12-22T23:04:13 IST" time="3.029" errors="0">
  <testcase name="testPATCH" time="0.445" classname="test.putPatchDeleteExamples"/>
  <system-out/>
  <testcase name="testDELETE" time="2.226" classname="test.putPatchDeleteExamples"/>
  <system-out/>
  <testcase name="testPUT" time="0.358" classname="test.putPatchDeleteExamples"/>
  <system-out/>
</testsuite> <!-- test.putPatchDeleteExamples -->
