<?xml version="1.0" encoding="UTF-8"?>
<!-- Generated by org.testng.reporters.JUnitReportReporter -->
<testsuite skipped="0" hostname="LAPTOP-V8B65SR9" name="test.GetnadPostExamples" tests="1" failures="0" timestamp="2021-12-22T16:07:32 IST" time="2.451" errors="0">
  <testcase name="testPOST" time="2.451" classname="test.GetnadPostExamples"/>
  <system-out/>
</testsuite> <!-- test.GetnadPostExamples -->
