<?xml version="1.0" encoding="UTF-8"?>
<!-- Generated by org.testng.reporters.JUnitReportReporter -->
<testsuite skipped="0" hostname="LAPTOP-V8B65SR9" name="Assignmnet_3.Testng_cls_2" tests="5" failures="0" timestamp="2020-06-01T15:59:37 IST" time="22.239" errors="0">
  <testcase name="verifyWindowMsg" time="2.662" classname="Assignmnet_3.Testng_cls_2"/>
  <system-out/>
  <testcase name="verifyDropdownItem" time="0.729" classname="Assignmnet_3.Testng_cls_2"/>
  <system-out/>
  <testcase name="verifyPageIsLoaded" time="14.140" classname="Assignmnet_3.Testng_cls_2"/>
  <system-out/>
  <testcase name="verifyNewWindowTitle" time="3.921" classname="Assignmnet_3.Testng_cls_2"/>
  <system-out/>
  <testcase name="verifyHLpageIsLoaded" time="0.787" classname="Assignmnet_3.Testng_cls_2"/>
  <system-out/>
</testsuite> <!-- Assignmnet_3.Testng_cls_2 -->
