<?xml version="1.0" encoding="UTF-8"?>
<!-- Generated by org.testng.reporters.JUnitReportReporter -->
<testsuite skipped="0" hostname="LAPTOP-V8B65SR9" name="Assignmnet_3.Sel_Asg_3" tests="1" failures="0" timestamp="2020-06-01T11:42:32 IST" time="0.013" errors="0">
  <testcase name="f" time="0.013" classname="Assignmnet_3.Sel_Asg_3"/>
  <system-out/>
</testsuite> <!-- Assignmnet_3.Sel_Asg_3 -->
