<?xml version="1.0" encoding="UTF-8"?>
<!-- Generated by org.testng.reporters.JUnitReportReporter -->
<testsuite skipped="0" hostname="LAPTOP-V8B65SR9" name="Assignment_1.NewTest_1" tests="3" failures="0" timestamp="2022-05-13T19:08:20 IST" time="0.008" errors="0">
  <testcase name="f3" time="0.004" classname="Assignment_1.NewTest_1"/>
  <system-out/>
  <testcase name="f1" time="0.002" classname="Assignment_1.NewTest_1"/>
  <system-out/>
  <testcase name="f" time="0.002" classname="Assignment_1.NewTest_1"/>
  <system-out/>
</testsuite> <!-- Assignment_1.NewTest_1 -->
