<?xml version="1.0" encoding="UTF-8"?>
<!-- Generated by org.testng.reporters.JUnitReportReporter -->
<testsuite skipped="0" hostname="LAPTOP-V8B65SR9" name="Assignment_5.PhpLogin_Base" tests="1" failures="0" timestamp="2020-06-22T00:49:06 IST" time="23.877" errors="0">
  <testcase name="VerifyLogin" time="23.877" classname="Assignment_5.PhpLogin_Base"/>
  <system-out/>
</testsuite> <!-- Assignment_5.PhpLogin_Base -->
