<?xml version="1.0" encoding="UTF-8"?>
<!-- Generated by org.testng.reporters.JUnitReportReporter -->
<testsuite skipped="0" hostname="LAPTOP-V8B65SR9" name="Assignmnet_3.Testng_cls_1" tests="1" failures="0" timestamp="2020-06-01T15:59:37 IST" time="18.299" errors="0">
  <testcase name="printItems" time="18.299" classname="Assignmnet_3.Testng_cls_1"/>
  <system-out/>
</testsuite> <!-- Assignmnet_3.Testng_cls_1 -->
