<?xml version="1.0" encoding="UTF-8"?>
<!-- Generated by org.testng.reporters.JUnitReportReporter -->
<testsuite skipped="0" hostname="LAPTOP-V8B65SR9" name="com.API.RestAssured.MckApiServerTest" tests="1" failures="0" timestamp="2020-07-04T01:01:21 IST" time="1.302" errors="0">
  <testcase name="test_delete" time="1.302" classname="com.API.RestAssured.MckApiServerTest"/>
  <system-out/>
</testsuite> <!-- com.API.RestAssured.MckApiServerTest -->
