<?xml version="1.0" encoding="UTF-8"?>
<!-- Generated by org.testng.reporters.JUnitReportReporter -->
<testsuite skipped="0" hostname="LAPTOP-V8B65SR9" name="com.API.DataDriven.DataDriven_1" tests="2" failures="0" timestamp="2020-07-08T01:26:44 IST" time="2.904" errors="0">
  <testcase name="test_delete" time="2.831" classname="com.API.DataDriven.DataDriven_1"/>
  <system-out/>
  <testcase name="test_delete" time="0.073" classname="com.API.DataDriven.DataDriven_1"/>
  <system-out/>
</testsuite> <!-- com.API.DataDriven.DataDriven_1 -->
