<?xml version="1.0" encoding="UTF-8"?>
<!-- Generated by org.testng.reporters.JUnitReportReporter -->
<testsuite skipped="0" hostname="LAPTOP-V8B65SR9" name="Test01_GET" tests="2" failures="0" timestamp="2020-07-01T00:06:11 IST" time="4.916" errors="0">
  <testcase name="test_01" time="3.286" classname="Test01_GET"/>
  <system-out/>
  <testcase name="test_02" time="1.630" classname="Test01_GET"/>
  <system-out/>
</testsuite> <!-- Test01_GET -->
