<?xml version="1.0" encoding="UTF-8"?>
<!-- Generated by org.testng.reporters.JUnitReportReporter -->
<testsuite skipped="0" hostname="LAPTOP-V8B65SR9" name="com.API.RestAssured.Test01_POST" tests="1" failures="0" timestamp="2021-12-22T22:55:15 IST" time="1.943" errors="0">
  <testcase name="test_2_PUT" time="1.943" classname="com.API.RestAssured.Test01_POST"/>
  <system-out/>
</testsuite> <!-- com.API.RestAssured.Test01_POST -->
