<?xml version="1.0" encoding="UTF-8"?>
<!-- Generated by org.testng.reporters.JUnitReportReporter -->
<testsuite skipped="0" hostname="LAPTOP-V8B65SR9" name="com.API.RestAssured.Test02_GET" tests="1" failures="0" timestamp="2020-07-01T00:38:58 IST" time="5.282" errors="0">
  <testcase name="test_1" time="5.282" classname="com.API.RestAssured.Test02_GET"/>
  <system-out/>
</testsuite> <!-- com.API.RestAssured.Test02_GET -->
