<?xml version="1.0" encoding="UTF-8"?>
<!-- Generated by org.testng.reporters.JUnitReportReporter -->
<testsuite skipped="0" hostname="LAPTOP-V8B65SR9" name="com.API.RestAssured.Test01_GET" tests="2" failures="0" timestamp="2021-12-22T01:16:45 IST" time="2.401" errors="0">
  <testcase name="test_02" time="0.696" classname="com.API.RestAssured.Test01_GET"/>
  <system-out/>
  <testcase name="test_01" time="1.705" classname="com.API.RestAssured.Test01_GET"/>
  <system-out/>
</testsuite> <!-- com.API.RestAssured.Test01_GET -->
